{"/home/mateusfig/Documentos/modulo5-projects/see-me-back/src/app.ts": {"path":"/home/mateusfig/Documentos/modulo5-projects/see-me-back/src/app.ts","statementMap":{"0":{"start":{"line":1,"column":0},"end":{"line":1,"column":40}},"1":{"start":{"line":2,"column":0},"end":{"line":2,"column":24}},"2":{"start":{"line":3,"column":0},"end":{"line":3,"column":30}},"3":{"start":{"line":4,"column":0},"end":{"line":4,"column":36}},"4":{"start":{"line":5,"column":0},"end":{"line":5,"column":68}},"5":{"start":{"line":7,"column":12},"end":{"line":7,"column":21}},"6":{"start":{"line":9,"column":0},"end":{"line":9,"column":16}},"7":{"start":{"line":10,"column":0},"end":{"line":10,"column":16}},"8":{"start":{"line":11,"column":0},"end":{"line":11,"column":16}},"9":{"start":{"line":12,"column":0},"end":{"line":12,"column":22}},"10":{"start":{"line":14,"column":0},"end":{"line":14,"column":19}}},"fnMap":{},"branchMap":{},"s":{"0":1,"1":1,"2":1,"3":1,"4":1,"5":1,"6":1,"7":1,"8":1,"9":1,"10":1},"f":{},"b":{}}
,"/home/mateusfig/Documentos/modulo5-projects/see-me-back/src/controllers/schedulesController.ts": {"path":"/home/mateusfig/Documentos/modulo5-projects/see-me-back/src/controllers/schedulesController.ts","statementMap":{"0":{"start":{"line":2,"column":0},"end":{"line":2,"column":65}},"1":{"start":{"line":6,"column":30},"end":{"line":6,"column":38}},"2":{"start":{"line":7,"column":18},"end":{"line":7,"column":37}},"3":{"start":{"line":8,"column":17},"end":{"line":8,"column":72}},"4":{"start":{"line":9,"column":2},"end":{"line":9,"column":31}},"5":{"start":{"line":25,"column":9},"end":{"line":25,"column":15}},"6":{"start":{"line":13,"column":18},"end":{"line":13,"column":37}},"7":{"start":{"line":14,"column":17},"end":{"line":14,"column":70}},"8":{"start":{"line":15,"column":2},"end":{"line":15,"column":31}},"9":{"start":{"line":25,"column":17},"end":{"line":25,"column":38}},"10":{"start":{"line":19,"column":18},"end":{"line":19,"column":37}},"11":{"start":{"line":20,"column":13},"end":{"line":20,"column":27}},"12":{"start":{"line":21,"column":17},"end":{"line":21,"column":63}},"13":{"start":{"line":22,"column":2},"end":{"line":22,"column":31}},"14":{"start":{"line":25,"column":40},"end":{"line":25,"column":50}}},"fnMap":{"0":{"name":"create","decl":{"start":{"line":5,"column":15},"end":{"line":5,"column":21}},"loc":{"start":{"line":5,"column":49},"end":{"line":10,"column":null}}},"1":{"name":"findSchedulesByUserId","decl":{"start":{"line":12,"column":15},"end":{"line":12,"column":36}},"loc":{"start":{"line":12,"column":64},"end":{"line":16,"column":null}}},"2":{"name":"deleteById","decl":{"start":{"line":18,"column":15},"end":{"line":18,"column":25}},"loc":{"start":{"line":18,"column":53},"end":{"line":23,"column":null}}}},"branchMap":{},"s":{"0":1,"1":2,"2":2,"3":2,"4":2,"5":1,"6":1,"7":1,"8":1,"9":1,"10":1,"11":1,"12":1,"13":1,"14":1},"f":{"0":2,"1":1,"2":1},"b":{}}
,"/home/mateusfig/Documentos/modulo5-projects/see-me-back/src/controllers/tokenController.ts": {"path":"/home/mateusfig/Documentos/modulo5-projects/see-me-back/src/controllers/tokenController.ts","statementMap":{"0":{"start":{"line":2,"column":0},"end":{"line":2,"column":28}},"1":{"start":{"line":3,"column":0},"end":{"line":3,"column":37}},"2":{"start":{"line":4,"column":37},"end":{"line":4,"column":40}},"3":{"start":{"line":6,"column":0},"end":{"line":6,"column":16}},"4":{"start":{"line":8,"column":15},"end":{"line":8,"column":39}},"5":{"start":{"line":9,"column":24},"end":{"line":9,"column":57}},"6":{"start":{"line":12,"column":2},"end":{"line":12,"column":49}},"7":{"start":{"line":13,"column":22},"end":{"line":13,"column":53}},"8":{"start":{"line":14,"column":2},"end":{"line":16,"column":null}},"9":{"start":{"line":15,"column":4},"end":{"line":15,"column":80}},"10":{"start":{"line":17,"column":12},"end":{"line":17,"column":33}},"11":{"start":{"line":18,"column":2},"end":{"line":20,"column":null}},"12":{"start":{"line":19,"column":4},"end":{"line":19,"column":12}},"13":{"start":{"line":21,"column":13},"end":{"line":21,"column":31}},"14":{"start":{"line":22,"column":2},"end":{"line":24,"column":null}},"15":{"start":{"line":23,"column":4},"end":{"line":23,"column":29}},"16":{"start":{"line":25,"column":19},"end":{"line":25,"column":47}},"17":{"start":{"line":26,"column":2},"end":{"line":28,"column":null}},"18":{"start":{"line":27,"column":4},"end":{"line":27,"column":22}},"19":{"start":{"line":29,"column":22},"end":{"line":29,"column":51}},"20":{"start":{"line":30,"column":30},"end":{"line":30,"column":70}},"21":{"start":{"line":31,"column":16},"end":{"line":37,"column":null}},"22":{"start":{"line":39,"column":2},"end":{"line":41,"column":5}},"23":{"start":{"line":44,"column":9},"end":{"line":44,"column":22}}},"fnMap":{"0":{"name":"generateToken","decl":{"start":{"line":11,"column":9},"end":{"line":11,"column":22}},"loc":{"start":{"line":11,"column":50},"end":{"line":42,"column":1}}}},"branchMap":{"0":{"loc":{"start":{"line":8,"column":15},"end":{"line":8,"column":39}},"type":"binary-expr","locations":[{"start":{"line":8,"column":15},"end":{"line":8,"column":33}},{"start":{"line":8,"column":37},"end":{"line":8,"column":39}}]},"1":{"loc":{"start":{"line":9,"column":24},"end":{"line":9,"column":57}},"type":"binary-expr","locations":[{"start":{"line":9,"column":24},"end":{"line":9,"column":51}},{"start":{"line":9,"column":55},"end":{"line":9,"column":57}}]},"2":{"loc":{"start":{"line":14,"column":2},"end":{"line":16,"column":null}},"type":"if","locations":[{"start":{"line":14,"column":2},"end":{"line":16,"column":null}}]},"3":{"loc":{"start":{"line":18,"column":2},"end":{"line":20,"column":null}},"type":"if","locations":[{"start":{"line":18,"column":2},"end":{"line":20,"column":null}}]},"4":{"loc":{"start":{"line":22,"column":2},"end":{"line":24,"column":null}},"type":"if","locations":[{"start":{"line":22,"column":2},"end":{"line":24,"column":null}}]},"5":{"loc":{"start":{"line":26,"column":2},"end":{"line":28,"column":null}},"type":"if","locations":[{"start":{"line":26,"column":2},"end":{"line":28,"column":null}}]}},"s":{"0":1,"1":1,"2":1,"3":1,"4":1,"5":1,"6":3,"7":3,"8":3,"9":1,"10":2,"11":2,"12":2,"13":2,"14":2,"15":0,"16":2,"17":2,"18":2,"19":2,"20":2,"21":2,"22":2,"23":1},"f":{"0":3},"b":{"0":[1,0],"1":[1,0],"2":[1],"3":[2],"4":[0],"5":[2]}}
,"/home/mateusfig/Documentos/modulo5-projects/see-me-back/src/controllers/usersController.ts": {"path":"/home/mateusfig/Documentos/modulo5-projects/see-me-back/src/controllers/usersController.ts","statementMap":{"0":{"start":{"line":2,"column":0},"end":{"line":2,"column":57}},"1":{"start":{"line":6,"column":22},"end":{"line":6,"column":30}},"2":{"start":{"line":7,"column":17},"end":{"line":7,"column":48}},"3":{"start":{"line":8,"column":2},"end":{"line":8,"column":31}},"4":{"start":{"line":17,"column":9},"end":{"line":17,"column":15}},"5":{"start":{"line":12,"column":20},"end":{"line":12,"column":28}},"6":{"start":{"line":13,"column":17},"end":{"line":13,"column":47}},"7":{"start":{"line":14,"column":2},"end":{"line":14,"column":31}},"8":{"start":{"line":17,"column":17},"end":{"line":17,"column":21}}},"fnMap":{"0":{"name":"create","decl":{"start":{"line":5,"column":15},"end":{"line":5,"column":21}},"loc":{"start":{"line":5,"column":49},"end":{"line":9,"column":null}}},"1":{"name":"find","decl":{"start":{"line":11,"column":15},"end":{"line":11,"column":19}},"loc":{"start":{"line":11,"column":47},"end":{"line":15,"column":null}}}},"branchMap":{},"s":{"0":1,"1":6,"2":6,"3":6,"4":1,"5":2,"6":2,"7":1,"8":1},"f":{"0":6,"1":2},"b":{}}
,"/home/mateusfig/Documentos/modulo5-projects/see-me-back/src/middlewares/errorHandlerMiddleware.ts": {"path":"/home/mateusfig/Documentos/modulo5-projects/see-me-back/src/middlewares/errorHandlerMiddleware.ts","statementMap":{"0":{"start":{"line":15,"column":2},"end":{"line":15,"column":21}},"1":{"start":{"line":16,"column":28},"end":{"line":16,"column":33}},"2":{"start":{"line":18,"column":2},"end":{"line":20,"column":null}},"3":{"start":{"line":19,"column":4},"end":{"line":19,"column":64}},"4":{"start":{"line":21,"column":2},"end":{"line":23,"column":null}},"5":{"start":{"line":22,"column":4},"end":{"line":22,"column":65}},"6":{"start":{"line":24,"column":2},"end":{"line":26,"column":null}},"7":{"start":{"line":25,"column":4},"end":{"line":25,"column":68}},"8":{"start":{"line":27,"column":2},"end":{"line":29,"column":null}},"9":{"start":{"line":28,"column":4},"end":{"line":28,"column":76}},"10":{"start":{"line":30,"column":2},"end":{"line":30,"column":22}},"11":{"start":{"line":8,"column":0},"end":{"line":8,"column":16}}},"fnMap":{"0":{"name":"errorHandler","decl":{"start":{"line":8,"column":16},"end":{"line":8,"column":28}},"loc":{"start":{"line":13,"column":20},"end":{"line":31,"column":1}}}},"branchMap":{"0":{"loc":{"start":{"line":18,"column":2},"end":{"line":20,"column":null}},"type":"if","locations":[{"start":{"line":18,"column":2},"end":{"line":20,"column":null}}]},"1":{"loc":{"start":{"line":19,"column":32},"end":{"line":19,"column":62}},"type":"cond-expr","locations":[{"start":{"line":19,"column":42},"end":{"line":19,"column":49}},{"start":{"line":19,"column":52},"end":{"line":19,"column":62}}]},"2":{"loc":{"start":{"line":21,"column":2},"end":{"line":23,"column":null}},"type":"if","locations":[{"start":{"line":21,"column":2},"end":{"line":23,"column":null}}]},"3":{"loc":{"start":{"line":22,"column":32},"end":{"line":22,"column":63}},"type":"cond-expr","locations":[{"start":{"line":22,"column":42},"end":{"line":22,"column":49}},{"start":{"line":22,"column":52},"end":{"line":22,"column":63}}]},"4":{"loc":{"start":{"line":24,"column":2},"end":{"line":26,"column":null}},"type":"if","locations":[{"start":{"line":24,"column":2},"end":{"line":26,"column":null}}]},"5":{"loc":{"start":{"line":25,"column":32},"end":{"line":25,"column":66}},"type":"cond-expr","locations":[{"start":{"line":25,"column":42},"end":{"line":25,"column":49}},{"start":{"line":25,"column":52},"end":{"line":25,"column":66}}]},"6":{"loc":{"start":{"line":27,"column":2},"end":{"line":29,"column":null}},"type":"if","locations":[{"start":{"line":27,"column":2},"end":{"line":29,"column":null}}]},"7":{"loc":{"start":{"line":28,"column":32},"end":{"line":28,"column":74}},"type":"cond-expr","locations":[{"start":{"line":28,"column":42},"end":{"line":28,"column":49}},{"start":{"line":28,"column":52},"end":{"line":28,"column":74}}]}},"s":{"0":9,"1":9,"2":9,"3":0,"4":9,"5":1,"6":8,"7":4,"8":4,"9":4,"10":0,"11":1},"f":{"0":9},"b":{"0":[0],"1":[0,0],"2":[1],"3":[1,0],"4":[4],"5":[4,0],"6":[4],"7":[4,0]}}
,"/home/mateusfig/Documentos/modulo5-projects/see-me-back/src/middlewares/noCacheMiddleware.ts": {"path":"/home/mateusfig/Documentos/modulo5-projects/see-me-back/src/middlewares/noCacheMiddleware.ts","statementMap":{"0":{"start":{"line":4,"column":2},"end":{"line":4,"column":78}},"1":{"start":{"line":5,"column":2},"end":{"line":5,"column":30}},"2":{"start":{"line":6,"column":2},"end":{"line":6,"column":35}},"3":{"start":{"line":7,"column":2},"end":{"line":7,"column":9}},"4":{"start":{"line":10,"column":9},"end":{"line":10,"column":16}}},"fnMap":{"0":{"name":"noCache","decl":{"start":{"line":3,"column":9},"end":{"line":3,"column":16}},"loc":{"start":{"line":3,"column":64},"end":{"line":8,"column":1}}}},"branchMap":{},"s":{"0":3,"1":3,"2":3,"3":3,"4":1},"f":{"0":3},"b":{}}
,"/home/mateusfig/Documentos/modulo5-projects/see-me-back/src/middlewares/schemaValidatorMiddleware.ts": {"path":"/home/mateusfig/Documentos/modulo5-projects/see-me-back/src/middlewares/schemaValidatorMiddleware.ts","statementMap":{"0":{"start":{"line":5,"column":2},"end":{"line":12,"column":4}},"1":{"start":{"line":6,"column":22},"end":{"line":6,"column":47}},"2":{"start":{"line":7,"column":4},"end":{"line":10,"column":null}},"3":{"start":{"line":8,"column":26},"end":{"line":8,"column":42}},"4":{"start":{"line":9,"column":6},"end":{"line":9,"column":54}},"5":{"start":{"line":11,"column":4},"end":{"line":11,"column":11}},"6":{"start":{"line":4,"column":0},"end":{"line":4,"column":16}}},"fnMap":{"0":{"name":"body","decl":{"start":{"line":4,"column":16},"end":{"line":4,"column":20}},"loc":{"start":{"line":4,"column":35},"end":{"line":13,"column":1}}},"1":{"name":"(anonymous_1)","decl":{"start":{"line":5,"column":9},"end":{"line":5,"column":10}},"loc":{"start":{"line":5,"column":61},"end":{"line":12,"column":3}}}},"branchMap":{"0":{"loc":{"start":{"line":7,"column":4},"end":{"line":10,"column":null}},"type":"if","locations":[{"start":{"line":7,"column":4},"end":{"line":10,"column":null}}]}},"s":{"0":3,"1":13,"2":13,"3":3,"4":3,"5":10,"6":1},"f":{"0":3,"1":13},"b":{"0":[3]}}
,"/home/mateusfig/Documentos/modulo5-projects/see-me-back/src/middlewares/tokenValidatorMiddleware.ts": {"path":"/home/mateusfig/Documentos/modulo5-projects/see-me-back/src/middlewares/tokenValidatorMiddleware.ts","statementMap":{"0":{"start":{"line":2,"column":0},"end":{"line":2,"column":56}},"1":{"start":{"line":3,"column":0},"end":{"line":3,"column":57}},"2":{"start":{"line":16,"column":28},"end":{"line":16,"column":39}},"3":{"start":{"line":17,"column":36},"end":{"line":17,"column":73}},"4":{"start":{"line":19,"column":2},"end":{"line":21,"column":null}},"5":{"start":{"line":20,"column":4},"end":{"line":20,"column":68}},"6":{"start":{"line":23,"column":18},"end":{"line":23,"column":43}},"7":{"start":{"line":24,"column":20},"end":{"line":24,"column":38}},"8":{"start":{"line":26,"column":2},"end":{"line":28,"column":null}},"9":{"start":{"line":27,"column":4},"end":{"line":27,"column":63}},"10":{"start":{"line":30,"column":15},"end":{"line":30,"column":45}},"11":{"start":{"line":31,"column":26},"end":{"line":31,"column":34}},"12":{"start":{"line":32,"column":2},"end":{"line":32,"column":31}},"13":{"start":{"line":34,"column":2},"end":{"line":34,"column":9}},"14":{"start":{"line":11,"column":0},"end":{"line":11,"column":22}}},"fnMap":{"0":{"name":"tokenValidator","decl":{"start":{"line":11,"column":22},"end":{"line":11,"column":36}},"loc":{"start":{"line":14,"column":20},"end":{"line":35,"column":null}}}},"branchMap":{"0":{"loc":{"start":{"line":17,"column":36},"end":{"line":17,"column":73}},"type":"cond-expr","locations":[{"start":{"line":17,"column":49},"end":{"line":17,"column":51}},{"start":{"line":17,"column":36},"end":{"line":17,"column":73}}]},"1":{"loc":{"start":{"line":17,"column":36},"end":{"line":17,"column":51}},"type":"binary-expr","locations":[{"start":{"line":17,"column":36},"end":{"line":17,"column":51}},{"start":{"line":17,"column":36},"end":{"line":17,"column":51}}]},"2":{"loc":{"start":{"line":19,"column":2},"end":{"line":21,"column":null}},"type":"if","locations":[{"start":{"line":19,"column":2},"end":{"line":21,"column":null}}]},"3":{"loc":{"start":{"line":26,"column":2},"end":{"line":28,"column":null}},"type":"if","locations":[{"start":{"line":26,"column":2},"end":{"line":28,"column":null}}]}},"s":{"0":1,"1":1,"2":9,"3":9,"4":9,"5":2,"6":7,"7":5,"8":5,"9":0,"10":5,"11":5,"12":5,"13":5,"14":1},"f":{"0":9},"b":{"0":[2,7],"1":[9,9],"2":[2],"3":[0]}}
,"/home/mateusfig/Documentos/modulo5-projects/see-me-back/src/providers/jwtProvider.ts": {"path":"/home/mateusfig/Documentos/modulo5-projects/see-me-back/src/providers/jwtProvider.ts","statementMap":{"0":{"start":{"line":1,"column":0},"end":{"line":1,"column":47}},"1":{"start":{"line":2,"column":0},"end":{"line":2,"column":28}},"2":{"start":{"line":4,"column":0},"end":{"line":4,"column":16}},"3":{"start":{"line":6,"column":27},"end":{"line":6,"column":61}},"4":{"start":{"line":7,"column":23},"end":{"line":7,"column":27}},"5":{"start":{"line":13,"column":2},"end":{"line":13,"column":70}},"6":{"start":{"line":12,"column":0},"end":{"line":12,"column":16}},"7":{"start":{"line":18,"column":2},"end":{"line":23,"column":5}},"8":{"start":{"line":19,"column":4},"end":{"line":21,"column":null}},"9":{"start":{"line":20,"column":6},"end":{"line":20,"column":63}},"10":{"start":{"line":22,"column":4},"end":{"line":22,"column":22}},"11":{"start":{"line":24,"column":2},"end":{"line":24,"column":17}},"12":{"start":{"line":16,"column":0},"end":{"line":16,"column":16}}},"fnMap":{"0":{"name":"encode","decl":{"start":{"line":12,"column":16},"end":{"line":12,"column":22}},"loc":{"start":{"line":12,"column":45},"end":{"line":14,"column":1}}},"1":{"name":"decode","decl":{"start":{"line":16,"column":16},"end":{"line":16,"column":22}},"loc":{"start":{"line":16,"column":36},"end":{"line":25,"column":1}}},"2":{"name":"(anonymous_3)","decl":{"start":{"line":18,"column":32},"end":{"line":18,"column":33}},"loc":{"start":{"line":18,"column":49},"end":{"line":23,"column":3}}}},"branchMap":{"0":{"loc":{"start":{"line":6,"column":27},"end":{"line":6,"column":61}},"type":"binary-expr","locations":[{"start":{"line":6,"column":27},"end":{"line":6,"column":49}},{"start":{"line":6,"column":53},"end":{"line":6,"column":61}}]},"1":{"loc":{"start":{"line":19,"column":4},"end":{"line":21,"column":null}},"type":"if","locations":[{"start":{"line":19,"column":4},"end":{"line":21,"column":null}}]}},"s":{"0":3,"1":3,"2":3,"3":3,"4":3,"5":17,"6":3,"7":9,"8":9,"9":3,"10":6,"11":6,"12":3},"f":{"0":17,"1":9,"2":9},"b":{"0":[3,0],"1":[3]}}
,"/home/mateusfig/Documentos/modulo5-projects/see-me-back/src/routes/index.ts": {"path":"/home/mateusfig/Documentos/modulo5-projects/see-me-back/src/routes/index.ts","statementMap":{"0":{"start":{"line":1,"column":0},"end":{"line":1,"column":52}},"1":{"start":{"line":2,"column":0},"end":{"line":2,"column":40}},"2":{"start":{"line":3,"column":0},"end":{"line":3,"column":40}},"3":{"start":{"line":4,"column":0},"end":{"line":4,"column":48}},"4":{"start":{"line":6,"column":15},"end":{"line":6,"column":23}},"5":{"start":{"line":8,"column":0},"end":{"line":10,"column":3}},"6":{"start":{"line":9,"column":2},"end":{"line":9,"column":21}},"7":{"start":{"line":11,"column":0},"end":{"line":11,"column":24}},"8":{"start":{"line":12,"column":0},"end":{"line":12,"column":24}},"9":{"start":{"line":13,"column":0},"end":{"line":13,"column":28}},"10":{"start":{"line":15,"column":0},"end":{"line":15,"column":22}}},"fnMap":{"0":{"name":"(anonymous_1)","decl":{"start":{"line":8,"column":16},"end":{"line":8,"column":17}},"loc":{"start":{"line":8,"column":48},"end":{"line":10,"column":1}}}},"branchMap":{},"s":{"0":1,"1":1,"2":1,"3":1,"4":1,"5":1,"6":1,"7":1,"8":1,"9":1,"10":1},"f":{"0":1},"b":{}}
,"/home/mateusfig/Documentos/modulo5-projects/see-me-back/src/routes/schedulesRouter.ts": {"path":"/home/mateusfig/Documentos/modulo5-projects/see-me-back/src/routes/schedulesRouter.ts","statementMap":{"0":{"start":{"line":1,"column":0},"end":{"line":1,"column":33}},"1":{"start":{"line":2,"column":0},"end":{"line":2,"column":74}},"2":{"start":{"line":3,"column":0},"end":{"line":3,"column":86}},"3":{"start":{"line":4,"column":0},"end":{"line":4,"column":73}},"4":{"start":{"line":5,"column":0},"end":{"line":5,"column":60}},"5":{"start":{"line":7,"column":24},"end":{"line":7,"column":32}},"6":{"start":{"line":8,"column":13},"end":{"line":8,"column":25}},"7":{"start":{"line":10,"column":0},"end":{"line":10,"column":36}},"8":{"start":{"line":11,"column":0},"end":{"line":15,"column":2}},"9":{"start":{"line":16,"column":0},"end":{"line":19,"column":2}},"10":{"start":{"line":20,"column":0},"end":{"line":20,"column":77}},"11":{"start":{"line":22,"column":0},"end":{"line":22,"column":31}}},"fnMap":{},"branchMap":{},"s":{"0":1,"1":1,"2":1,"3":1,"4":1,"5":1,"6":1,"7":1,"8":1,"9":1,"10":1,"11":1},"f":{},"b":{}}
,"/home/mateusfig/Documentos/modulo5-projects/see-me-back/src/routes/tokenRouter.ts": {"path":"/home/mateusfig/Documentos/modulo5-projects/see-me-back/src/routes/tokenRouter.ts","statementMap":{"0":{"start":{"line":1,"column":0},"end":{"line":1,"column":33}},"1":{"start":{"line":2,"column":0},"end":{"line":2,"column":63}},"2":{"start":{"line":3,"column":0},"end":{"line":3,"column":59}},"3":{"start":{"line":5,"column":20},"end":{"line":5,"column":28}},"4":{"start":{"line":7,"column":13},"end":{"line":7,"column":21}},"5":{"start":{"line":9,"column":0},"end":{"line":9,"column":51}},"6":{"start":{"line":11,"column":0},"end":{"line":11,"column":27}}},"fnMap":{},"branchMap":{},"s":{"0":1,"1":1,"2":1,"3":1,"4":1,"5":1,"6":1},"f":{},"b":{}}
,"/home/mateusfig/Documentos/modulo5-projects/see-me-back/src/routes/usersRouter.ts": {"path":"/home/mateusfig/Documentos/modulo5-projects/see-me-back/src/routes/usersRouter.ts","statementMap":{"0":{"start":{"line":1,"column":0},"end":{"line":1,"column":33}},"1":{"start":{"line":2,"column":0},"end":{"line":2,"column":66}},"2":{"start":{"line":3,"column":0},"end":{"line":3,"column":86}},"3":{"start":{"line":4,"column":0},"end":{"line":4,"column":66}},"4":{"start":{"line":6,"column":20},"end":{"line":6,"column":28}},"5":{"start":{"line":7,"column":13},"end":{"line":7,"column":21}},"6":{"start":{"line":9,"column":0},"end":{"line":13,"column":2}},"7":{"start":{"line":14,"column":0},"end":{"line":18,"column":2}},"8":{"start":{"line":20,"column":0},"end":{"line":20,"column":27}}},"fnMap":{},"branchMap":{},"s":{"0":1,"1":1,"2":1,"3":1,"4":1,"5":1,"6":1,"7":1,"8":1},"f":{},"b":{}}
,"/home/mateusfig/Documentos/modulo5-projects/see-me-back/src/schemas/schedulesSchema.ts": {"path":"/home/mateusfig/Documentos/modulo5-projects/see-me-back/src/schemas/schedulesSchema.ts","statementMap":{"0":{"start":{"line":1,"column":0},"end":{"line":1,"column":22}},"1":{"start":{"line":4,"column":23},"end":{"line":7,"column":2}},"2":{"start":{"line":9,"column":9},"end":{"line":9,"column":23}}},"fnMap":{},"branchMap":{},"s":{"0":1,"1":1,"2":1},"f":{},"b":{}}
,"/home/mateusfig/Documentos/modulo5-projects/see-me-back/src/schemas/usersSchema.ts": {"path":"/home/mateusfig/Documentos/modulo5-projects/see-me-back/src/schemas/usersSchema.ts","statementMap":{"0":{"start":{"line":1,"column":0},"end":{"line":1,"column":22}},"1":{"start":{"line":8,"column":20},"end":{"line":12,"column":2}},"2":{"start":{"line":18,"column":9},"end":{"line":18,"column":20}},"3":{"start":{"line":14,"column":20},"end":{"line":16,"column":2}},"4":{"start":{"line":18,"column":22},"end":{"line":18,"column":33}}},"fnMap":{},"branchMap":{},"s":{"0":1,"1":1,"2":1,"3":1,"4":1},"f":{},"b":{}}
,"/home/mateusfig/Documentos/modulo5-projects/see-me-back/src/services/schedulesService.ts": {"path":"/home/mateusfig/Documentos/modulo5-projects/see-me-back/src/services/schedulesService.ts","statementMap":{"0":{"start":{"line":1,"column":0},"end":{"line":1,"column":75}},"1":{"start":{"line":5,"column":17},"end":{"line":5,"column":59}},"2":{"start":{"line":6,"column":2},"end":{"line":6,"column":16}},"3":{"start":{"line":34,"column":9},"end":{"line":34,"column":15}},"4":{"start":{"line":10,"column":17},"end":{"line":10,"column":73}},"5":{"start":{"line":11,"column":2},"end":{"line":11,"column":16}},"6":{"start":{"line":34,"column":17},"end":{"line":34,"column":38}},"7":{"start":{"line":15,"column":23},"end":{"line":15,"column":41}},"8":{"start":{"line":16,"column":2},"end":{"line":21,"column":null}},"9":{"start":{"line":17,"column":4},"end":{"line":20,"column":6}},"10":{"start":{"line":22,"column":17},"end":{"line":22,"column":57}},"11":{"start":{"line":23,"column":2},"end":{"line":23,"column":16}},"12":{"start":{"line":34,"column":40},"end":{"line":34,"column":50}},"13":{"start":{"line":27,"column":17},"end":{"line":27,"column":55}},"14":{"start":{"line":28,"column":2},"end":{"line":30,"column":null}},"15":{"start":{"line":29,"column":4},"end":{"line":29,"column":63}},"16":{"start":{"line":31,"column":2},"end":{"line":31,"column":16}}},"fnMap":{"0":{"name":"create","decl":{"start":{"line":4,"column":15},"end":{"line":4,"column":21}},"loc":{"start":{"line":4,"column":41},"end":{"line":7,"column":null}}},"1":{"name":"findSchedulesByUserId","decl":{"start":{"line":9,"column":15},"end":{"line":9,"column":36}},"loc":{"start":{"line":9,"column":52},"end":{"line":12,"column":null}}},"2":{"name":"deleteById","decl":{"start":{"line":14,"column":15},"end":{"line":14,"column":25}},"loc":{"start":{"line":14,"column":53},"end":{"line":24,"column":null}}},"3":{"name":"findById","decl":{"start":{"line":26,"column":15},"end":{"line":26,"column":23}},"loc":{"start":{"line":26,"column":34},"end":{"line":32,"column":null}}}},"branchMap":{"0":{"loc":{"start":{"line":16,"column":2},"end":{"line":21,"column":null}},"type":"if","locations":[{"start":{"line":16,"column":2},"end":{"line":21,"column":null}}]},"1":{"loc":{"start":{"line":28,"column":2},"end":{"line":30,"column":null}},"type":"if","locations":[{"start":{"line":28,"column":2},"end":{"line":30,"column":null}}]}},"s":{"0":2,"1":3,"2":3,"3":2,"4":2,"5":2,"6":2,"7":4,"8":3,"9":1,"10":2,"11":2,"12":2,"13":4,"14":4,"15":1,"16":3},"f":{"0":3,"1":2,"2":4,"3":4},"b":{"0":[1],"1":[1]}}
,"/home/mateusfig/Documentos/modulo5-projects/see-me-back/src/services/usersService.ts": {"path":"/home/mateusfig/Documentos/modulo5-projects/see-me-back/src/services/usersService.ts","statementMap":{"0":{"start":{"line":1,"column":0},"end":{"line":1,"column":67}},"1":{"start":{"line":2,"column":0},"end":{"line":2,"column":56}},"2":{"start":{"line":6,"column":20},"end":{"line":6,"column":24}},"3":{"start":{"line":7,"column":16},"end":{"line":7,"column":45}},"4":{"start":{"line":8,"column":19},"end":{"line":8,"column":52}},"5":{"start":{"line":9,"column":2},"end":{"line":11,"column":null}},"6":{"start":{"line":10,"column":4},"end":{"line":10,"column":34}},"7":{"start":{"line":12,"column":17},"end":{"line":12,"column":51}},"8":{"start":{"line":13,"column":2},"end":{"line":13,"column":30}},"9":{"start":{"line":25,"column":9},"end":{"line":25,"column":15}},"10":{"start":{"line":17,"column":17},"end":{"line":17,"column":50}},"11":{"start":{"line":18,"column":2},"end":{"line":20,"column":null}},"12":{"start":{"line":19,"column":4},"end":{"line":19,"column":59}},"13":{"start":{"line":21,"column":16},"end":{"line":21,"column":45}},"14":{"start":{"line":22,"column":2},"end":{"line":22,"column":30}},"15":{"start":{"line":25,"column":17},"end":{"line":25,"column":21}}},"fnMap":{"0":{"name":"create","decl":{"start":{"line":5,"column":15},"end":{"line":5,"column":21}},"loc":{"start":{"line":5,"column":33},"end":{"line":14,"column":null}}},"1":{"name":"find","decl":{"start":{"line":16,"column":15},"end":{"line":16,"column":19}},"loc":{"start":{"line":16,"column":33},"end":{"line":23,"column":null}}}},"branchMap":{"0":{"loc":{"start":{"line":9,"column":2},"end":{"line":11,"column":null}},"type":"if","locations":[{"start":{"line":9,"column":2},"end":{"line":11,"column":null}}]},"1":{"loc":{"start":{"line":18,"column":2},"end":{"line":20,"column":null}},"type":"if","locations":[{"start":{"line":18,"column":2},"end":{"line":20,"column":null}}]}},"s":{"0":2,"1":2,"2":8,"3":8,"4":8,"5":8,"6":2,"7":6,"8":6,"9":2,"10":9,"11":9,"12":2,"13":7,"14":7,"15":2},"f":{"0":8,"1":9},"b":{"0":[2],"1":[2]}}
}
