TN:
SF:src/app.ts
FNF:0
FNH:0
DA:1,1
DA:2,1
DA:3,1
DA:4,1
DA:5,1
DA:7,1
DA:9,1
DA:10,1
DA:11,1
DA:12,1
DA:14,1
LF:11
LH:11
BRF:0
BRH:0
end_of_record
TN:
SF:src/controllers/schedulesController.ts
FN:5,create
FN:12,findSchedulesByUserId
FN:18,deleteById
FNF:3
FNH:3
FNDA:2,create
FNDA:1,findSchedulesByUserId
FNDA:1,deleteById
DA:2,1
DA:6,2
DA:7,2
DA:8,2
DA:9,2
DA:13,1
DA:14,1
DA:15,1
DA:19,1
DA:20,1
DA:21,1
DA:22,1
DA:25,1
LF:13
LH:13
BRF:0
BRH:0
end_of_record
TN:
SF:src/controllers/tokenController.ts
FN:11,generateToken
FNF:1
FNH:1
FNDA:3,generateToken
DA:2,1
DA:3,1
DA:4,1
DA:6,1
DA:8,1
DA:9,1
DA:12,3
DA:13,3
DA:14,3
DA:15,1
DA:17,2
DA:18,2
DA:19,2
DA:21,2
DA:22,2
DA:23,0
DA:25,2
DA:26,2
DA:27,2
DA:29,2
DA:30,2
DA:31,2
DA:39,2
DA:44,1
LF:24
LH:23
BRDA:8,0,0,1
BRDA:8,0,1,0
BRDA:9,1,0,1
BRDA:9,1,1,0
BRDA:14,2,0,1
BRDA:18,3,0,2
BRDA:22,4,0,0
BRDA:26,5,0,2
BRF:8
BRH:5
end_of_record
TN:
SF:src/controllers/usersController.ts
FN:5,create
FN:11,find
FNF:2
FNH:2
FNDA:6,create
FNDA:2,find
DA:2,1
DA:6,6
DA:7,6
DA:8,6
DA:12,2
DA:13,2
DA:14,1
DA:17,1
LF:8
LH:8
BRF:0
BRH:0
end_of_record
TN:
SF:src/middlewares/errorHandlerMiddleware.ts
FN:8,errorHandler
FNF:1
FNH:1
FNDA:9,errorHandler
DA:8,1
DA:15,9
DA:16,9
DA:18,9
DA:19,0
DA:21,9
DA:22,1
DA:24,8
DA:25,4
DA:27,4
DA:28,4
DA:30,0
LF:12
LH:10
BRDA:18,0,0,0
BRDA:19,1,0,0
BRDA:19,1,1,0
BRDA:21,2,0,1
BRDA:22,3,0,1
BRDA:22,3,1,0
BRDA:24,4,0,4
BRDA:25,5,0,4
BRDA:25,5,1,0
BRDA:27,6,0,4
BRDA:28,7,0,4
BRDA:28,7,1,0
BRF:12
BRH:6
end_of_record
TN:
SF:src/middlewares/noCacheMiddleware.ts
FN:3,noCache
FNF:1
FNH:1
FNDA:3,noCache
DA:4,3
DA:5,3
DA:6,3
DA:7,3
DA:10,1
LF:5
LH:5
BRF:0
BRH:0
end_of_record
TN:
SF:src/middlewares/schemaValidatorMiddleware.ts
FN:4,body
FN:5,(anonymous_1)
FNF:2
FNH:2
FNDA:3,body
FNDA:13,(anonymous_1)
DA:4,1
DA:5,3
DA:6,13
DA:7,13
DA:8,3
DA:9,3
DA:11,10
LF:7
LH:7
BRDA:7,0,0,3
BRF:1
BRH:1
end_of_record
TN:
SF:src/middlewares/tokenValidatorMiddleware.ts
FN:11,tokenValidator
FNF:1
FNH:1
FNDA:9,tokenValidator
DA:2,1
DA:3,1
DA:11,1
DA:16,9
DA:17,9
DA:19,9
DA:20,2
DA:23,7
DA:24,5
DA:26,5
DA:27,0
DA:30,5
DA:31,5
DA:32,5
DA:34,5
LF:15
LH:14
BRDA:17,0,0,2
BRDA:17,0,1,7
BRDA:17,1,0,9
BRDA:17,1,1,9
BRDA:19,2,0,2
BRDA:26,3,0,0
BRF:6
BRH:5
end_of_record
TN:
SF:src/providers/jwtProvider.ts
FN:12,encode
FN:16,decode
FN:18,(anonymous_3)
FNF:3
FNH:3
FNDA:17,encode
FNDA:9,decode
FNDA:9,(anonymous_3)
DA:1,3
DA:2,3
DA:4,3
DA:6,3
DA:7,3
DA:12,3
DA:13,17
DA:16,3
DA:18,9
DA:19,9
DA:20,3
DA:22,6
DA:24,6
LF:13
LH:13
BRDA:6,0,0,3
BRDA:6,0,1,0
BRDA:19,1,0,3
BRF:3
BRH:2
end_of_record
TN:
SF:src/routes/index.ts
FN:8,(anonymous_1)
FNF:1
FNH:1
FNDA:1,(anonymous_1)
DA:1,1
DA:2,1
DA:3,1
DA:4,1
DA:6,1
DA:8,1
DA:9,1
DA:11,1
DA:12,1
DA:13,1
DA:15,1
LF:11
LH:11
BRF:0
BRH:0
end_of_record
TN:
SF:src/routes/schedulesRouter.ts
FNF:0
FNH:0
DA:1,1
DA:2,1
DA:3,1
DA:4,1
DA:5,1
DA:7,1
DA:8,1
DA:10,1
DA:11,1
DA:16,1
DA:20,1
DA:22,1
LF:12
LH:12
BRF:0
BRH:0
end_of_record
TN:
SF:src/routes/tokenRouter.ts
FNF:0
FNH:0
DA:1,1
DA:2,1
DA:3,1
DA:5,1
DA:7,1
DA:9,1
DA:11,1
LF:7
LH:7
BRF:0
BRH:0
end_of_record
TN:
SF:src/routes/usersRouter.ts
FNF:0
FNH:0
DA:1,1
DA:2,1
DA:3,1
DA:4,1
DA:6,1
DA:7,1
DA:9,1
DA:14,1
DA:20,1
LF:9
LH:9
BRF:0
BRH:0
end_of_record
TN:
SF:src/schemas/schedulesSchema.ts
FNF:0
FNH:0
DA:1,1
DA:4,1
DA:9,1
LF:3
LH:3
BRF:0
BRH:0
end_of_record
TN:
SF:src/schemas/usersSchema.ts
FNF:0
FNH:0
DA:1,1
DA:8,1
DA:14,1
DA:18,1
LF:4
LH:4
BRF:0
BRH:0
end_of_record
TN:
SF:src/services/schedulesService.ts
FN:4,create
FN:9,findSchedulesByUserId
FN:14,deleteById
FN:26,findById
FNF:4
FNH:4
FNDA:3,create
FNDA:2,findSchedulesByUserId
FNDA:4,deleteById
FNDA:4,findById
DA:1,2
DA:5,3
DA:6,3
DA:10,2
DA:11,2
DA:15,4
DA:16,3
DA:17,1
DA:22,2
DA:23,2
DA:27,4
DA:28,4
DA:29,1
DA:31,3
DA:34,2
LF:15
LH:15
BRDA:16,0,0,1
BRDA:28,1,0,1
BRF:2
BRH:2
end_of_record
TN:
SF:src/services/usersService.ts
FN:5,create
FN:16,find
FNF:2
FNH:2
FNDA:8,create
FNDA:9,find
DA:1,2
DA:2,2
DA:6,8
DA:7,8
DA:8,8
DA:9,8
DA:10,2
DA:12,6
DA:13,6
DA:17,9
DA:18,9
DA:19,2
DA:21,7
DA:22,7
DA:25,2
LF:15
LH:15
BRDA:9,0,0,2
BRDA:18,1,0,2
BRF:2
BRH:2
end_of_record
